--- Job Opgave 4 jyske bank 2013-2019.gms Start 08/13/25 16:18:31 50.3.0 5a352073 DEX-DEG x86 64bit/macOS
--- Applying:
    /Library/Frameworks/GAMS.framework/Versions/50/Resources/gmsprmun.txt
--- GAMS Parameters defined
    Input "/Users/lukaskranker/Library/CloudStorage/OneDrive-KøbenhavnsUniversitet/Uni/6. År/PFO2025/Opgave 4/Opgave 4 jyske bank 2013-2019.gms"
    PageSize 0
    ScrDir "/Users/lukaskranker/Library/CloudStorage/OneDrive-KøbenhavnsUniversitet/Uni/6. År/PFO2025/Opgave 4/225d/"
    SysDir /Library/Frameworks/GAMS.framework/Versions/50/Resources/
    LogOption 3
    AppendLog 1
    ErrMsg 1
    ErrorLog 99
    IDE 1
    LstTitleLeftAligned 1
Licensee: Course License                                 G250404+0003Ac-GEN
          University of Copenhagen                                  DCE4232
          225d/gamslice.dat
          node:10959501 mem:16 cores:6 ipport:61642 v:2                    
          Course license for use within the course and related course work
          The expiration date of time-limited license is Oct 01, 2025
System information: 6 physical cores and 16 Gb physical memory detected
GAMS 50.3.0   Copyright (C) 1987-2025 GAMS Development. All rights reserved
--- Starting compilation
--- Opgave 4 jyske bank 2013-2019.gms(18) 3 Mb
--- GDXin=/Users/lukaskranker/Library/CloudStorage/OneDrive-KøbenhavnsUniversitet/Uni/6. År/PFO2025/Opgave 4/weekly_returns_2013_2025.gdx
--- GDX File ($gdxIn) /Users/lukaskranker/Library/CloudStorage/OneDrive-KøbenhavnsUniversitet/Uni/6. År/PFO2025/Opgave 4/weekly_returns_2013_2025.gdx
--- Opgave 4 jyske bank 2013-2019.gms(64) 3 Mb
--- Starting execution: elapsed 0:00:00.045
--- Opgave 4 jyske bank 2013-2019.gms(56) 4 Mb  30 secs
--- Opgave 4 jyske bank 2013-2019.gms(64) 4 Mb
*** Status: Normal completion
--- Job Opgave 4 jyske bank 2013-2019.gms Stop 08/13/25 16:19:03 elapsed 0:00:32.034
