--- Job Generate bootstrap O6.gms Start 08/14/25 10:06:17 50.3.0 5a352073 DEX-DEG x86 64bit/macOS
--- Applying:
    /Library/Frameworks/GAMS.framework/Versions/50/Resources/gmsprmun.txt
--- GAMS Parameters defined
    Input "/Users/lukaskranker/Library/CloudStorage/OneDrive-KøbenhavnsUniversitet/Uni/6. År/PFO2025/Opgave 6/Generate bootstrap O6.gms"
    PageSize 0
    ScrDir "/Users/lukaskranker/Library/CloudStorage/OneDrive-KøbenhavnsUniversitet/Uni/6. År/PFO2025/Opgave 6/225a/"
    SysDir /Library/Frameworks/GAMS.framework/Versions/50/Resources/
    LogOption 3
    AppendLog 1
    ErrMsg 1
    ErrorLog 99
    IDE 1
    LstTitleLeftAligned 1
Licensee: Course License                                 G250404+0003Ac-GEN
          University of Copenhagen                                  DCE4232
          225a/gamslice.dat
          node:10959501 mem:16 cores:6 ipport:63879 v:2                    
          Course license for use within the course and related course work
          The expiration date of time-limited license is Oct 01, 2025
System information: 6 physical cores and 16 Gb physical memory detected
GAMS 50.3.0   Copyright (C) 1987-2025 GAMS Development. All rights reserved
--- Starting compilation
--- Generate bootstrap O6.gms(59) 3 Mb
--- GDXin=/Users/lukaskranker/Library/CloudStorage/OneDrive-KøbenhavnsUniversitet/Uni/6. År/PFO2025/Opgave 6/weekly_returns_2013_2025.gdx
--- GDX File ($gdxIn) /Users/lukaskranker/Library/CloudStorage/OneDrive-KøbenhavnsUniversitet/Uni/6. År/PFO2025/Opgave 6/weekly_returns_2013_2025.gdx
--- Generate bootstrap O6.gms(113) 5 Mb
--- Starting execution: elapsed 0:00:00.051
--- Generate bootstrap O6.gms(92) 14 Mb  4 secs
--- Generate bootstrap O6.gms(113) 14 Mb
--- GDX File (execute_unload) /Users/lukaskranker/Library/CloudStorage/OneDrive-KøbenhavnsUniversitet/Uni/6. År/PFO2025/Opgave 6/bootstrap_data_O6.gdx
*** Status: Normal completion
--- Job Generate bootstrap O6.gms Stop 08/14/25 10:06:22 elapsed 0:00:04.966
